<?xml version="1.0" encoding="UTF-8"?>
<!-- Generated by org.testng.reporters.JUnitReportReporter -->
<testsuite hostname="DESKTOP-IEPVL3O" failures="0" tests="1" name="AutomatingNopcommerceExample.AutomatingNopcommerceExample.AppTest" time="8.710" errors="0" timestamp="2023-10-14T10:54:23 IST" skipped="0">
  <testcase classname="AutomatingNopcommerceExample.AutomatingNopcommerceExample.AppTest" name="shouldAnswerWithTrue" time="8.710"/>
  <system-out/>
</testsuite> <!-- AutomatingNopcommerceExample.AutomatingNopcommerceExample.AppTest -->
