<?xml version="1.0" encoding="UTF-8"?>
<!-- Generated by org.testng.reporters.JUnitReportReporter -->
<testsuite hostname="DESKTOP-IEPVL3O" failures="0" tests="2" name="com.nopcommerce.testCases.TC_LoginTest_001" time="5.476" errors="0" timestamp="2023-11-05T13:02:53 IST" skipped="0">
  <testcase classname="com.nopcommerce.testCases.TC_LoginTest_001" name="logoutTestcase" time="0.003"/>
  <system-out/>
  <testcase classname="com.nopcommerce.testCases.TC_LoginTest_001" name="loginTest" time="5.473"/>
  <system-out/>
</testsuite> <!-- com.nopcommerce.testCases.TC_LoginTest_001 -->
