<?xml version="1.0" encoding="UTF-8"?>
<!-- Generated by org.testng.reporters.JUnitReportReporter -->
<testsuite hostname="DESKTOP-IEPVL3O" failures="0" tests="4" name="com.nopcommerce.testCases.TC_LoginDDT_001" time="2.458" errors="0" timestamp="2023-11-05T13:02:53 IST" skipped="0">
  <testcase classname="com.nopcommerce.testCases.TC_LoginDDT_001" name="LoginDDT" time="0.332"/>
  <system-out/>
  <testcase classname="com.nopcommerce.testCases.TC_LoginDDT_001" name="LoginDDT" time="0.352"/>
  <system-out/>
  <testcase classname="com.nopcommerce.testCases.TC_LoginDDT_001" name="LoginDDT" time="0.303"/>
  <system-out/>
  <testcase classname="com.nopcommerce.testCases.TC_LoginDDT_001" name="LoginDDT" time="1.471"/>
  <system-out/>
</testsuite> <!-- com.nopcommerce.testCases.TC_LoginDDT_001 -->
