<?xml version="1.0" encoding="UTF-8"?>
<!-- Generated by org.testng.reporters.JUnitReportReporter -->
<testsuite hostname="DESKTOP-IEPVL3O" failures="0" tests="1" name="com.nopcommerce.testCases.TC_SelectProduct_004" time="27.983" errors="0" timestamp="2023-11-05T13:02:53 IST" skipped="0">
  <testcase classname="com.nopcommerce.testCases.TC_SelectProduct_004" name="SelectProduct" time="27.983"/>
  <system-out/>
</testsuite> <!-- com.nopcommerce.testCases.TC_SelectProduct_004 -->
