<?xml version="1.0" encoding="UTF-8"?>
<!-- Generated by org.testng.reporters.JUnitReportReporter -->
<testsuite hostname="DESKTOP-IEPVL3O" failures="0" tests="1" name="com.nopcommerce.testCases.TC_AddProductShopping_007" time="34.098" errors="0" timestamp="2023-12-06T21:26:28 IST" skipped="0">
  <testcase classname="com.nopcommerce.testCases.TC_AddProductShopping_007" name="ProductWishList" time="34.098"/>
  <system-out/>
</testsuite> <!-- com.nopcommerce.testCases.TC_AddProductShopping_007 -->
