<?xml version="1.0" encoding="UTF-8"?>
<!-- Generated by org.testng.reporters.JUnitReportReporter -->
<testsuite hostname="DESKTOP-IEPVL3O" failures="0" tests="1" name="com.nopcommerce.testCases.TC_ContactUs_010" time="8.321" errors="0" timestamp="2024-01-06T12:51:32 IST" skipped="0">
  <testcase classname="com.nopcommerce.testCases.TC_ContactUs_010" name="ContactTest" time="8.321"/>
  <system-out/>
</testsuite> <!-- com.nopcommerce.testCases.TC_ContactUs_010 -->
