<?xml version="1.0" encoding="UTF-8"?>
<!-- Generated by org.testng.reporters.JUnitReportReporter -->
<testsuite hostname="DESKTOP-IEPVL3O" failures="0" tests="4" name="com.nopcommerce.testCases.TC_LoginDDT_001" time="2.429" errors="0" timestamp="2023-12-06T21:26:28 IST" skipped="0">
  <testcase classname="com.nopcommerce.testCases.TC_LoginDDT_001" name="LoginDDT" time="0.330"/>
  <system-out/>
  <testcase classname="com.nopcommerce.testCases.TC_LoginDDT_001" name="LoginDDT" time="0.348"/>
  <system-out/>
  <testcase classname="com.nopcommerce.testCases.TC_LoginDDT_001" name="LoginDDT" time="0.311"/>
  <system-out/>
  <testcase classname="com.nopcommerce.testCases.TC_LoginDDT_001" name="LoginDDT" time="1.440"/>
  <system-out/>
</testsuite> <!-- com.nopcommerce.testCases.TC_LoginDDT_001 -->
