<?xml version="1.0" encoding="UTF-8"?>
<!-- Generated by org.testng.reporters.JUnitReportReporter -->
<testsuite hostname="DESKTOP-IEPVL3O" failures="0" tests="1" name="com.nopcommerce.testCases.TC_SelectProduct_004" time="21.671" errors="0" timestamp="2023-12-06T21:26:28 IST" skipped="0">
  <testcase classname="com.nopcommerce.testCases.TC_SelectProduct_004" name="SelectProduct" time="21.671"/>
  <system-out/>
</testsuite> <!-- com.nopcommerce.testCases.TC_SelectProduct_004 -->
