<?xml version="1.0" encoding="UTF-8"?>
<!-- Generated by org.testng.reporters.JUnitReportReporter -->
<testsuite hostname="DESKTOP-IEPVL3O" failures="0" tests="1" name="com.nopcommerce.testCases.TC_Blog_009" time="1.690" errors="0" timestamp="2023-11-05T13:02:53 IST" skipped="0">
  <testcase classname="com.nopcommerce.testCases.TC_Blog_009" name="blog" time="1.690"/>
  <system-out/>
</testsuite> <!-- com.nopcommerce.testCases.TC_Blog_009 -->
