<?xml version="1.0" encoding="UTF-8"?>
<!-- Generated by org.testng.reporters.JUnitReportReporter -->
<testsuite hostname="DESKTOP-IEPVL3O" failures="0" tests="4" name="com.nopcommerce.testCases.TC_LoginDDT_002" time="2.511" errors="0" timestamp="2023-11-01T16:26:23 IST" skipped="0">
  <testcase classname="com.nopcommerce.testCases.TC_LoginDDT_002" name="LoginDDT" time="1.530"/>
  <system-out/>
  <testcase classname="com.nopcommerce.testCases.TC_LoginDDT_002" name="LoginDDT" time="0.347"/>
  <system-out/>
  <testcase classname="com.nopcommerce.testCases.TC_LoginDDT_002" name="LoginDDT" time="0.323"/>
  <system-out/>
  <testcase classname="com.nopcommerce.testCases.TC_LoginDDT_002" name="LoginDDT" time="0.311"/>
  <system-out/>
</testsuite> <!-- com.nopcommerce.testCases.TC_LoginDDT_002 -->
