<?xml version="1.0" encoding="UTF-8"?>
<!-- Generated by org.testng.reporters.JUnitReportReporter -->
<testsuite hostname="DESKTOP-IEPVL3O" failures="0" tests="1" name="com.nopcommerce.testCases.TC_AddProductWishList_007" time="32.569" errors="0" timestamp="2023-11-04T13:47:30 IST" skipped="0">
  <testcase classname="com.nopcommerce.testCases.TC_AddProductWishList_007" name="ProductWishList" time="32.569"/>
  <system-out/>
</testsuite> <!-- com.nopcommerce.testCases.TC_AddProductWishList_007 -->
