<?xml version="1.0" encoding="UTF-8"?>
<!-- Generated by org.testng.reporters.JUnitReportReporter -->
<testsuite hostname="DESKTOP-IEPVL3O" failures="0" tests="1" name="com.nopcommerce.testCases.TC_SearchPage_002" time="2.450" errors="0" timestamp="2023-12-06T21:26:28 IST" skipped="0">
  <testcase classname="com.nopcommerce.testCases.TC_SearchPage_002" name="SearchPage" time="2.450"/>
  <system-out/>
</testsuite> <!-- com.nopcommerce.testCases.TC_SearchPage_002 -->
