<?xml version="1.0" encoding="UTF-8"?>
<!-- Generated by org.testng.reporters.JUnitReportReporter -->
<testsuite hostname="DESKTOP-IEPVL3O" failures="0" tests="1" name="com.nopcommerce.testCases.AppTest" time="2.455" errors="0" timestamp="2023-10-14T11:06:59 IST" skipped="0">
  <testcase classname="com.nopcommerce.testCases.AppTest" name="loginTest" time="2.455"/>
  <system-out/>
</testsuite> <!-- com.nopcommerce.testCases.AppTest -->
